#-----------------------------------------------------------
# Vivado v2018.3 (64-bit)
# SW Build 2405991 on Thu Dec  6 23:36:41 MST 2018
# IP Build 2404404 on Fri Dec  7 01:43:56 MST 2018
# Start of session at: Tue Oct  8 18:02:06 2019
# Process ID: 12620
# Current directory: /afs/inf.ed.ac.uk/user/s20/s2003300/Desktop/Coursework/CARD
# Command line: vivado
# Log file: /afs/inf.ed.ac.uk/user/s20/s2003300/Desktop/Coursework/CARD/vivado.log
# Journal file: /afs/inf.ed.ac.uk/user/s20/s2003300/Desktop/Coursework/CARD/vivado.jou
#-----------------------------------------------------------
start_gui
open_project /afs/inf.ed.ac.uk/user/s20/s2003300/Desktop/Coursework/CARD/prac1/proj/CARD_P1.xpr
Scanning sources...
Finished scanning sources
INFO: [IP_Flow 19-234] Refreshing IP repositories
INFO: [IP_Flow 19-1704] No user IP repositories specified
INFO: [IP_Flow 19-2313] Loaded Vivado IP repository '/disk/scratch/Xilinx/Vivado/2018.3/data/ip'.
WARNING: [IP_Flow 19-2162] IP 'rv32im_alu_0' is locked:
* IP definition 'rv32im_alu (1.0)' for IP 'rv32im_alu_0' (customized with software release 2018.3) was not found in the IP Catalog.
Please select 'Report IP Status' from the 'Tools/Report' menu or run Tcl command 'report_ip_status' for more information.
open_project: Time (s): cpu = 00:00:11 ; elapsed = 00:00:06 . Memory (MB): peak = 6515.438 ; gain = 147.566 ; free physical = 5950 ; free virtual = 21902
update_compile_order -fileset sources_1
exit
INFO: [Common 17-206] Exiting Vivado at Tue Oct  8 18:02:45 2019...
