
*** Running vivado
    with args -log fulladder.vds -m64 -product Vivado -mode batch -messageDb vivado.pb -notrace -source fulladder.tcl


****** Vivado v2018.3 (64-bit)
  **** SW Build 2405991 on Thu Dec  6 23:36:41 MST 2018
  **** IP Build 2404404 on Fri Dec  7 01:43:56 MST 2018
    ** Copyright 1986-2018 Xilinx, Inc. All Rights Reserved.

source fulladder.tcl -notrace
Command: synth_design -top fulladder -part xc7z020clg400-1
Starting synth_design
Attempting to get a license for feature 'Synthesis' and/or device 'xc7z020'
INFO: [Common 17-349] Got license for feature 'Synthesis' and/or device 'xc7z020'
INFO: Launching helper process for spawning children vivado processes
INFO: Helper process launched with PID 17179 
---------------------------------------------------------------------------------
Starting RTL Elaboration : Time (s): cpu = 00:00:02 ; elapsed = 00:00:04 . Memory (MB): peak = 1506.805 ; gain = 79.773 ; free physical = 7583 ; free virtual = 20820
---------------------------------------------------------------------------------
INFO: [Synth 8-6157] synthesizing module 'fulladder' [/afs/inf.ed.ac.uk/user/s20/s2003300/Desktop/Coursework/CARD/prac0/project_0/project_0.srcs/sources_1/new/fulladder.v:8]
INFO: [Synth 8-6155] done synthesizing module 'fulladder' (1#1) [/afs/inf.ed.ac.uk/user/s20/s2003300/Desktop/Coursework/CARD/prac0/project_0/project_0.srcs/sources_1/new/fulladder.v:8]
---------------------------------------------------------------------------------
Finished RTL Elaboration : Time (s): cpu = 00:00:02 ; elapsed = 00:00:06 . Memory (MB): peak = 1552.562 ; gain = 125.531 ; free physical = 7589 ; free virtual = 20830
---------------------------------------------------------------------------------

Report Check Netlist: 
+------+------------------+-------+---------+-------+------------------+
|      |Item              |Errors |Warnings |Status |Description       |
+------+------------------+-------+---------+-------+------------------+
|1     |multi_driven_nets |      0|        0|Passed |Multi driven nets |
+------+------------------+-------+---------+-------+------------------+
---------------------------------------------------------------------------------
Start Handling Custom Attributes
---------------------------------------------------------------------------------
---------------------------------------------------------------------------------
Finished Handling Custom Attributes : Time (s): cpu = 00:00:03 ; elapsed = 00:00:06 . Memory (MB): peak = 1552.562 ; gain = 125.531 ; free physical = 7587 ; free virtual = 20828
---------------------------------------------------------------------------------
---------------------------------------------------------------------------------
Finished RTL Optimization Phase 1 : Time (s): cpu = 00:00:03 ; elapsed = 00:00:06 . Memory (MB): peak = 1552.562 ; gain = 125.531 ; free physical = 7587 ; free virtual = 20828
---------------------------------------------------------------------------------
INFO: [Device 21-403] Loading part xc7z020clg400-1
INFO: [Project 1-570] Preparing netlist for logic optimization

Processing XDC Constraints
Initializing timing engine
Parsing XDC File [/afs/inf.ed.ac.uk/user/s20/s2003300/Desktop/Coursework/CARD/prac0/project_0/project_0.srcs/constrs_1/imports/prac0/prac0a.xdc]
WARNING: [Vivado 12-584] No ports matched 'led3'. [/afs/inf.ed.ac.uk/user/s20/s2003300/Desktop/Coursework/CARD/prac0/project_0/project_0.srcs/constrs_1/imports/prac0/prac0a.xdc:18]
CRITICAL WARNING: [Common 17-55] 'set_property' expects at least one object. [/afs/inf.ed.ac.uk/user/s20/s2003300/Desktop/Coursework/CARD/prac0/project_0/project_0.srcs/constrs_1/imports/prac0/prac0a.xdc:18]
Resolution: If [get_<value>] was used to populate the object, check to make sure this command returns at least one valid object.
WARNING: [Vivado 12-584] No ports matched 'led0'. [/afs/inf.ed.ac.uk/user/s20/s2003300/Desktop/Coursework/CARD/prac0/project_0/project_0.srcs/constrs_1/imports/prac0/prac0a.xdc:27]
CRITICAL WARNING: [Common 17-55] 'set_property' expects at least one object. [/afs/inf.ed.ac.uk/user/s20/s2003300/Desktop/Coursework/CARD/prac0/project_0/project_0.srcs/constrs_1/imports/prac0/prac0a.xdc:27]
Resolution: If [get_<value>] was used to populate the object, check to make sure this command returns at least one valid object.
WARNING: [Vivado 12-584] No ports matched 'led1'. [/afs/inf.ed.ac.uk/user/s20/s2003300/Desktop/Coursework/CARD/prac0/project_0/project_0.srcs/constrs_1/imports/prac0/prac0a.xdc:28]
CRITICAL WARNING: [Common 17-55] 'set_property' expects at least one object. [/afs/inf.ed.ac.uk/user/s20/s2003300/Desktop/Coursework/CARD/prac0/project_0/project_0.srcs/constrs_1/imports/prac0/prac0a.xdc:28]
Resolution: If [get_<value>] was used to populate the object, check to make sure this command returns at least one valid object.
WARNING: [Vivado 12-584] No ports matched 'led2'. [/afs/inf.ed.ac.uk/user/s20/s2003300/Desktop/Coursework/CARD/prac0/project_0/project_0.srcs/constrs_1/imports/prac0/prac0a.xdc:29]
CRITICAL WARNING: [Common 17-55] 'set_property' expects at least one object. [/afs/inf.ed.ac.uk/user/s20/s2003300/Desktop/Coursework/CARD/prac0/project_0/project_0.srcs/constrs_1/imports/prac0/prac0a.xdc:29]
Resolution: If [get_<value>] was used to populate the object, check to make sure this command returns at least one valid object.
WARNING: [Vivado 12-584] No ports matched 'btn0'. [/afs/inf.ed.ac.uk/user/s20/s2003300/Desktop/Coursework/CARD/prac0/project_0/project_0.srcs/constrs_1/imports/prac0/prac0a.xdc:34]
CRITICAL WARNING: [Common 17-55] 'set_property' expects at least one object. [/afs/inf.ed.ac.uk/user/s20/s2003300/Desktop/Coursework/CARD/prac0/project_0/project_0.srcs/constrs_1/imports/prac0/prac0a.xdc:34]
Resolution: If [get_<value>] was used to populate the object, check to make sure this command returns at least one valid object.
WARNING: [Vivado 12-584] No ports matched 'btn1'. [/afs/inf.ed.ac.uk/user/s20/s2003300/Desktop/Coursework/CARD/prac0/project_0/project_0.srcs/constrs_1/imports/prac0/prac0a.xdc:35]
CRITICAL WARNING: [Common 17-55] 'set_property' expects at least one object. [/afs/inf.ed.ac.uk/user/s20/s2003300/Desktop/Coursework/CARD/prac0/project_0/project_0.srcs/constrs_1/imports/prac0/prac0a.xdc:35]
Resolution: If [get_<value>] was used to populate the object, check to make sure this command returns at least one valid object.
WARNING: [Vivado 12-584] No ports matched 'btn2'. [/afs/inf.ed.ac.uk/user/s20/s2003300/Desktop/Coursework/CARD/prac0/project_0/project_0.srcs/constrs_1/imports/prac0/prac0a.xdc:36]
CRITICAL WARNING: [Common 17-55] 'set_property' expects at least one object. [/afs/inf.ed.ac.uk/user/s20/s2003300/Desktop/Coursework/CARD/prac0/project_0/project_0.srcs/constrs_1/imports/prac0/prac0a.xdc:36]
Resolution: If [get_<value>] was used to populate the object, check to make sure this command returns at least one valid object.
WARNING: [Vivado 12-584] No ports matched 'btn3'. [/afs/inf.ed.ac.uk/user/s20/s2003300/Desktop/Coursework/CARD/prac0/project_0/project_0.srcs/constrs_1/imports/prac0/prac0a.xdc:37]
CRITICAL WARNING: [Common 17-55] 'set_property' expects at least one object. [/afs/inf.ed.ac.uk/user/s20/s2003300/Desktop/Coursework/CARD/prac0/project_0/project_0.srcs/constrs_1/imports/prac0/prac0a.xdc:37]
Resolution: If [get_<value>] was used to populate the object, check to make sure this command returns at least one valid object.
Finished Parsing XDC File [/afs/inf.ed.ac.uk/user/s20/s2003300/Desktop/Coursework/CARD/prac0/project_0/project_0.srcs/constrs_1/imports/prac0/prac0a.xdc]
Parsing XDC File [/afs/inf.ed.ac.uk/user/s20/s2003300/Desktop/Coursework/CARD/prac0/project_0/project_0.srcs/constrs_1/imports/prac0/prac0b.xdc]
CRITICAL WARNING: [Netlist 29-69] Cannot set property 'PACKAGE_PIN', because the property does not exist for objects of type 'net'. [/afs/inf.ed.ac.uk/user/s20/s2003300/Desktop/Coursework/CARD/prac0/project_0/project_0.srcs/constrs_1/imports/prac0/prac0b.xdc:34]
Resolution: Modify .xdc or RTL to not set this property or move it to one of the following object types that can accept this property: port
Finished Parsing XDC File [/afs/inf.ed.ac.uk/user/s20/s2003300/Desktop/Coursework/CARD/prac0/project_0/project_0.srcs/constrs_1/imports/prac0/prac0b.xdc]
INFO: [Project 1-236] Implementation specific constraints were found while reading constraint file [/afs/inf.ed.ac.uk/user/s20/s2003300/Desktop/Coursework/CARD/prac0/project_0/project_0.srcs/constrs_1/imports/prac0/prac0b.xdc]. These constraints will be ignored for synthesis but will be used in implementation. Impacted constraints are listed in the file [.Xil/fulladder_propImpl.xdc].
Resolution: To avoid this warning, move constraints listed in [.Xil/fulladder_propImpl.xdc] to another XDC file and exclude this new file from synthesis with the used_in_synthesis property (File Properties dialog in GUI) and re-run elaboration/synthesis.
Netlist sorting complete. Time (s): cpu = 00:00:00 ; elapsed = 00:00:00 . Memory (MB): peak = 1852.730 ; gain = 0.000 ; free physical = 7223 ; free virtual = 20547
Completed Processing XDC Constraints

Netlist sorting complete. Time (s): cpu = 00:00:00 ; elapsed = 00:00:00 . Memory (MB): peak = 1852.730 ; gain = 0.000 ; free physical = 7223 ; free virtual = 20547
INFO: [Project 1-111] Unisim Transformation Summary:
No Unisim elements were transformed.

Netlist sorting complete. Time (s): cpu = 00:00:00 ; elapsed = 00:00:00 . Memory (MB): peak = 1852.730 ; gain = 0.000 ; free physical = 7223 ; free virtual = 20547
Constraint Validation Runtime : Time (s): cpu = 00:00:00 ; elapsed = 00:00:00.01 . Memory (MB): peak = 1852.730 ; gain = 0.000 ; free physical = 7223 ; free virtual = 20547
---------------------------------------------------------------------------------
Finished Constraint Validation : Time (s): cpu = 00:00:08 ; elapsed = 00:00:19 . Memory (MB): peak = 1852.730 ; gain = 425.699 ; free physical = 7496 ; free virtual = 20628
---------------------------------------------------------------------------------
---------------------------------------------------------------------------------
Start Loading Part and Timing Information
---------------------------------------------------------------------------------
Loading part: xc7z020clg400-1
---------------------------------------------------------------------------------
Finished Loading Part and Timing Information : Time (s): cpu = 00:00:08 ; elapsed = 00:00:19 . Memory (MB): peak = 1852.730 ; gain = 425.699 ; free physical = 7496 ; free virtual = 20628
---------------------------------------------------------------------------------
---------------------------------------------------------------------------------
Start Applying 'set_property' XDC Constraints
---------------------------------------------------------------------------------
---------------------------------------------------------------------------------
Finished applying 'set_property' XDC Constraints : Time (s): cpu = 00:00:08 ; elapsed = 00:00:19 . Memory (MB): peak = 1852.730 ; gain = 425.699 ; free physical = 7498 ; free virtual = 20629
---------------------------------------------------------------------------------
---------------------------------------------------------------------------------
Finished RTL Optimization Phase 2 : Time (s): cpu = 00:00:08 ; elapsed = 00:00:19 . Memory (MB): peak = 1852.734 ; gain = 425.703 ; free physical = 7502 ; free virtual = 20629
---------------------------------------------------------------------------------

Report RTL Partitions: 
+-+--------------+------------+----------+
| |RTL Partition |Replication |Instances |
+-+--------------+------------+----------+
+-+--------------+------------+----------+
---------------------------------------------------------------------------------
Start RTL Component Statistics 
---------------------------------------------------------------------------------
Detailed RTL Component Info : 
+---XORs : 
	   2 Input      1 Bit         XORs := 2     
+---Registers : 
	                1 Bit    Registers := 2     
---------------------------------------------------------------------------------
Finished RTL Component Statistics 
---------------------------------------------------------------------------------
---------------------------------------------------------------------------------
Start RTL Hierarchical Component Statistics 
---------------------------------------------------------------------------------
Hierarchical RTL Component report 
Module fulladder 
Detailed RTL Component Info : 
+---XORs : 
	   2 Input      1 Bit         XORs := 2     
+---Registers : 
	                1 Bit    Registers := 2     
---------------------------------------------------------------------------------
Finished RTL Hierarchical Component Statistics
---------------------------------------------------------------------------------
---------------------------------------------------------------------------------
Start Part Resource Summary
---------------------------------------------------------------------------------
Part Resources:
DSPs: 220 (col length:60)
BRAMs: 280 (col length: RAMB18 60 RAMB36 30)
---------------------------------------------------------------------------------
Finished Part Resource Summary
---------------------------------------------------------------------------------
---------------------------------------------------------------------------------
Start Cross Boundary and Area Optimization
---------------------------------------------------------------------------------
Warning: Parallel synthesis criteria is not met 
---------------------------------------------------------------------------------
Finished Cross Boundary and Area Optimization : Time (s): cpu = 00:00:09 ; elapsed = 00:00:20 . Memory (MB): peak = 1852.734 ; gain = 425.703 ; free physical = 7490 ; free virtual = 20620
---------------------------------------------------------------------------------

Report RTL Partitions: 
+-+--------------+------------+----------+
| |RTL Partition |Replication |Instances |
+-+--------------+------------+----------+
+-+--------------+------------+----------+
---------------------------------------------------------------------------------
Start Applying XDC Timing Constraints
---------------------------------------------------------------------------------
---------------------------------------------------------------------------------
Finished Applying XDC Timing Constraints : Time (s): cpu = 00:00:14 ; elapsed = 00:00:25 . Memory (MB): peak = 1865.730 ; gain = 438.699 ; free physical = 7346 ; free virtual = 20492
---------------------------------------------------------------------------------
---------------------------------------------------------------------------------
Start Timing Optimization
---------------------------------------------------------------------------------
---------------------------------------------------------------------------------
Finished Timing Optimization : Time (s): cpu = 00:00:14 ; elapsed = 00:00:25 . Memory (MB): peak = 1865.730 ; gain = 438.699 ; free physical = 7346 ; free virtual = 20492
---------------------------------------------------------------------------------

Report RTL Partitions: 
+-+--------------+------------+----------+
| |RTL Partition |Replication |Instances |
+-+--------------+------------+----------+
+-+--------------+------------+----------+
---------------------------------------------------------------------------------
Start Technology Mapping
---------------------------------------------------------------------------------
---------------------------------------------------------------------------------
Finished Technology Mapping : Time (s): cpu = 00:00:14 ; elapsed = 00:00:25 . Memory (MB): peak = 1875.742 ; gain = 448.711 ; free physical = 7345 ; free virtual = 20490
---------------------------------------------------------------------------------

Report RTL Partitions: 
+-+--------------+------------+----------+
| |RTL Partition |Replication |Instances |
+-+--------------+------------+----------+
+-+--------------+------------+----------+
---------------------------------------------------------------------------------
Start IO Insertion
---------------------------------------------------------------------------------
---------------------------------------------------------------------------------
Start Flattening Before IO Insertion
---------------------------------------------------------------------------------
---------------------------------------------------------------------------------
Finished Flattening Before IO Insertion
---------------------------------------------------------------------------------
---------------------------------------------------------------------------------
Start Final Netlist Cleanup
---------------------------------------------------------------------------------
---------------------------------------------------------------------------------
Finished Final Netlist Cleanup
---------------------------------------------------------------------------------
---------------------------------------------------------------------------------
Finished IO Insertion : Time (s): cpu = 00:00:14 ; elapsed = 00:00:26 . Memory (MB): peak = 1875.746 ; gain = 448.715 ; free physical = 7345 ; free virtual = 20491
---------------------------------------------------------------------------------

Report Check Netlist: 
+------+------------------+-------+---------+-------+------------------+
|      |Item              |Errors |Warnings |Status |Description       |
+------+------------------+-------+---------+-------+------------------+
|1     |multi_driven_nets |      0|        0|Passed |Multi driven nets |
+------+------------------+-------+---------+-------+------------------+
---------------------------------------------------------------------------------
Start Renaming Generated Instances
---------------------------------------------------------------------------------
---------------------------------------------------------------------------------
Finished Renaming Generated Instances : Time (s): cpu = 00:00:14 ; elapsed = 00:00:26 . Memory (MB): peak = 1875.746 ; gain = 448.715 ; free physical = 7345 ; free virtual = 20491
---------------------------------------------------------------------------------

Report RTL Partitions: 
+-+--------------+------------+----------+
| |RTL Partition |Replication |Instances |
+-+--------------+------------+----------+
+-+--------------+------------+----------+
---------------------------------------------------------------------------------
Start Rebuilding User Hierarchy
---------------------------------------------------------------------------------
---------------------------------------------------------------------------------
Finished Rebuilding User Hierarchy : Time (s): cpu = 00:00:14 ; elapsed = 00:00:26 . Memory (MB): peak = 1875.746 ; gain = 448.715 ; free physical = 7345 ; free virtual = 20491
---------------------------------------------------------------------------------
---------------------------------------------------------------------------------
Start Renaming Generated Ports
---------------------------------------------------------------------------------
---------------------------------------------------------------------------------
Finished Renaming Generated Ports : Time (s): cpu = 00:00:14 ; elapsed = 00:00:26 . Memory (MB): peak = 1875.746 ; gain = 448.715 ; free physical = 7345 ; free virtual = 20491
---------------------------------------------------------------------------------
---------------------------------------------------------------------------------
Start Handling Custom Attributes
---------------------------------------------------------------------------------
---------------------------------------------------------------------------------
Finished Handling Custom Attributes : Time (s): cpu = 00:00:14 ; elapsed = 00:00:26 . Memory (MB): peak = 1875.746 ; gain = 448.715 ; free physical = 7345 ; free virtual = 20491
---------------------------------------------------------------------------------
---------------------------------------------------------------------------------
Start Renaming Generated Nets
---------------------------------------------------------------------------------
---------------------------------------------------------------------------------
Finished Renaming Generated Nets : Time (s): cpu = 00:00:14 ; elapsed = 00:00:26 . Memory (MB): peak = 1875.746 ; gain = 448.715 ; free physical = 7345 ; free virtual = 20491
---------------------------------------------------------------------------------
---------------------------------------------------------------------------------
Start Writing Synthesis Report
---------------------------------------------------------------------------------

Report BlackBoxes: 
+-+--------------+----------+
| |BlackBox name |Instances |
+-+--------------+----------+
+-+--------------+----------+

Report Cell Usage: 
+------+-----+------+
|      |Cell |Count |
+------+-----+------+
|1     |BUFG |     1|
|2     |LUT1 |     1|
|3     |LUT3 |     2|
|4     |FDCE |     2|
|5     |IBUF |     5|
|6     |OBUF |     2|
+------+-----+------+

Report Instance Areas: 
+------+---------+-------+------+
|      |Instance |Module |Cells |
+------+---------+-------+------+
|1     |top      |       |    13|
+------+---------+-------+------+
---------------------------------------------------------------------------------
Finished Writing Synthesis Report : Time (s): cpu = 00:00:14 ; elapsed = 00:00:26 . Memory (MB): peak = 1875.746 ; gain = 448.715 ; free physical = 7345 ; free virtual = 20491
---------------------------------------------------------------------------------
Synthesis finished with 0 errors, 0 critical warnings and 0 warnings.
Synthesis Optimization Runtime : Time (s): cpu = 00:00:10 ; elapsed = 00:00:16 . Memory (MB): peak = 1875.746 ; gain = 148.547 ; free physical = 7405 ; free virtual = 20550
Synthesis Optimization Complete : Time (s): cpu = 00:00:14 ; elapsed = 00:00:26 . Memory (MB): peak = 1875.750 ; gain = 448.715 ; free physical = 7415 ; free virtual = 20561
INFO: [Project 1-571] Translating synthesized netlist
INFO: [Project 1-570] Preparing netlist for logic optimization
INFO: [Opt 31-138] Pushed 0 inverter(s) to 0 load pin(s).
Netlist sorting complete. Time (s): cpu = 00:00:00 ; elapsed = 00:00:00 . Memory (MB): peak = 1880.742 ; gain = 0.000 ; free physical = 7342 ; free virtual = 20488
INFO: [Project 1-111] Unisim Transformation Summary:
No Unisim elements were transformed.

INFO: [Common 17-83] Releasing license: Synthesis
12 Infos, 8 Warnings, 9 Critical Warnings and 0 Errors encountered.
synth_design completed successfully
synth_design: Time (s): cpu = 00:00:16 ; elapsed = 00:00:27 . Memory (MB): peak = 1880.742 ; gain = 453.934 ; free physical = 7389 ; free virtual = 20535
Netlist sorting complete. Time (s): cpu = 00:00:00 ; elapsed = 00:00:00 . Memory (MB): peak = 1880.742 ; gain = 0.000 ; free physical = 7389 ; free virtual = 20535
WARNING: [Constraints 18-5210] No constraints selected for write.
Resolution: This message can indicate that there are no constraints for the design, or it can indicate that the used_in flags are set such that the constraints are ignored. This later case is used when running synth_design to not write synthesis constraints to the resulting checkpoint. Instead, project constraints are read when the synthesized design is opened.
INFO: [Common 17-1381] The checkpoint '/afs/inf.ed.ac.uk/user/s20/s2003300/Desktop/Coursework/CARD/prac0/project_0/project_0.runs/synth_1/fulladder.dcp' has been generated.
INFO: [runtcl-4] Executing : report_utilization -file fulladder_utilization_synth.rpt -pb fulladder_utilization_synth.pb
INFO: [Common 17-206] Exiting Vivado at Wed Sep 25 22:46:26 2019...
