Vivado Simulator 2018.3
Time resolution is 1 ps
Warning: NUMERIC_STD."=": metavalue detected, returning FALSE
Time: 4 ns  Iteration: 2  Process: /tb/dut/u_dvi_display/u_rgb2dvi/U0/\DataEncoders(0)\/DataEncoder/line__154  File: /afs/inf.ed.ac.uk/user/s20/s2003300/Desktop/Coursework/CARD/prac2/proj/RV32IM_PYNQ_Z2.ip_user_files/ipstatic/src/TMDS_Encoder.vhd
Warning: NUMERIC_STD."=": metavalue detected, returning FALSE
Time: 4 ns  Iteration: 2  Process: /tb/dut/u_dvi_display/u_rgb2dvi/U0/\DataEncoders(1)\/DataEncoder/line__154  File: /afs/inf.ed.ac.uk/user/s20/s2003300/Desktop/Coursework/CARD/prac2/proj/RV32IM_PYNQ_Z2.ip_user_files/ipstatic/src/TMDS_Encoder.vhd
Warning: NUMERIC_STD."=": metavalue detected, returning FALSE
Time: 4 ns  Iteration: 2  Process: /tb/dut/u_dvi_display/u_rgb2dvi/U0/\DataEncoders(2)\/DataEncoder/line__154  File: /afs/inf.ed.ac.uk/user/s20/s2003300/Desktop/Coursework/CARD/prac2/proj/RV32IM_PYNQ_Z2.ip_user_files/ipstatic/src/TMDS_Encoder.vhd
Warning: NUMERIC_STD."=": metavalue detected, returning FALSE
Time: 3758662 ps  Iteration: 2  Process: /tb/dut/u_dvi_display/u_rgb2dvi/U0/\DataEncoders(0)\/DataEncoder/line__154  File: /afs/inf.ed.ac.uk/user/s20/s2003300/Desktop/Coursework/CARD/prac2/proj/RV32IM_PYNQ_Z2.ip_user_files/ipstatic/src/TMDS_Encoder.vhd
Warning: NUMERIC_STD."=": metavalue detected, returning FALSE
Time: 3758662 ps  Iteration: 2  Process: /tb/dut/u_dvi_display/u_rgb2dvi/U0/\DataEncoders(1)\/DataEncoder/line__154  File: /afs/inf.ed.ac.uk/user/s20/s2003300/Desktop/Coursework/CARD/prac2/proj/RV32IM_PYNQ_Z2.ip_user_files/ipstatic/src/TMDS_Encoder.vhd
Warning: NUMERIC_STD."=": metavalue detected, returning FALSE
Time: 3758662 ps  Iteration: 2  Process: /tb/dut/u_dvi_display/u_rgb2dvi/U0/\DataEncoders(2)\/DataEncoder/line__154  File: /afs/inf.ed.ac.uk/user/s20/s2003300/Desktop/Coursework/CARD/prac2/proj/RV32IM_PYNQ_Z2.ip_user_files/ipstatic/src/TMDS_Encoder.vhd
     199 x.x 0x00000000             sp <= 00003000
     200  8.0 0x00000004             sp <= 00003000
     201  3.3 0x00000008             sp <= 00002ffc
     202  2.7 0x0000000c             ra <= 00000010
     207  3.2 0x00000014             sp <= 00002fd4
     208  2.5 0x00000018             a5 <= 00002fd4
     209  2.3 0x0000001c             a4 <= 0000038f
     213  2.5 0x00000020               mem[00000fd4] <= 0000038f
     214  2.4 0x00000024             a1 <= 0000000a
     215  2.2 0x00000028             t1 <= 00000000
     216  2.1 0x0000002c             fp <= 000004d2
     217  2.0 0x00000030             s1 <= 00000224
     218  2.0 0x00000034             s2 <= 00001000
     219  1.9 0x00000038             s2 <= 00000911
     220  1.8 0x0000003c             s3 <= 000003b4
     221  1.8 0x00000040             s4 <= 00000306
     222  1.7 0x00000044             s5 <= 000001b0
     223  1.7 0x00000048             fp <= 00136864
     224  1.6 0x0000004c             s1 <= 002192f4
     225  1.6 0x00000050             s2 <= 000b3238
     226  1.6 0x00000054             s3 <= 00051a20
     227  1.5 0x00000058             s4 <= 00000000
     228  1.5 0x0000005c             s5 <= 00000000
     229  1.5 0x00000060             fp <= 0034fb58
     233  1.6 0x00000064             s2 <= ffd636e0
     234  1.6 0x00000068             s3 <= 0031e178
     235  1.5 0x0000006c             s4 <= 0034fb58
     236  1.5 0x00000070             s5 <= ffcb04a8
     237  1.5 0x00000074             fp <= 00568e4c
     238  1.5 0x00000078             s2 <= 0080576c
     241  1.5 0x0000007c             s3 <= 00676f34
     242  1.5 0x00000080             s4 <= 008b89a4
     243  1.5 0x00000084             s5 <= 008b89a4
     244  1.5 0x00000088             fp <= 0000038f
     248  1.5 0x0000008c             s2 <= 008053dd
     249  1.5 0x00000090             s3 <= 00676cbb
     250  1.5 0x00000094             s4 <= 008b8d33
     251  1.5 0x00000098             s5 <= 008b8615
     252  1.5 0x0000009c             fp <= 0000038f
     256  1.6 0x000000a0             s2 <= ff7fafb2
     257  1.6 0x000000a4             s3 <= 00676f34
     258  1.5 0x000000a8             s4 <= 008b90c2
     259  1.5 0x000000ac             s5 <= ff747d7a
     260  1.5 0x000000b0             fp <= 00219683
     261  1.5 0x000000b4             fp <= 00a1e6d1
     262  1.5 0x000000b8             s3 <= 00c689e5
     265  1.5 0x000000bc             s6 <= 00c379c5
     266  1.5 0x000000c0             s6 <= 0143ca13
     270  1.6 0x000000c4             s3 <= 018543f6
     271  1.5 0x000000c8             fp <= 00c379c5
     272  1.5 0x000000cc             fp <= 0143ca13
     273  1.5 0x000000d0             fp <= 01cf5ad5
     274  1.5 0x000000d4             s3 <= 004a1923
     277  1.5 0x000000d8             fp <= 01f0edc9
     278  1.5 0x000000dc             fp <= 02713e17
     279  1.5 0x000000e0             fp <= 02fcced9
     283  1.6 0x000000e4             s3 <= 02b6d7fa
     284  1.6 0x000000e8             s4 <= 0000038f
     288  1.6 0x000000ec             s1 <= 00219683
     289  1.6 0x000000f0             s2 <= ff7fac23
     290  1.6 0x000000f4             s3 <= 02b6d475
     291  1.6 0x000000f8             s4 <= 0000038f
     295  1.6 0x000000fc             s1 <= 00219a12
     296  1.6 0x00000100             s2 <= 0080576c
     297  1.6 0x00000104             s3 <= 02b6d7fa
     298  1.6 0x00000108             s5 <= 0000038f
     299  1.6 0x0000010c             t0 <= 00000000
     302  1.6 0x00000110             s1 <= 00219da1
     303  1.6 0x00000114             s2 <= 008053dd
     304  1.6 0x00000118             s3 <= 02b6d475
     305  1.6 0x0000011c             s5 <= 0000038f
     306  1.5 0x00000120             t0 <= 00000000
     309  1.6 0x00000124             s1 <= 0021a130
     310  1.6 0x00000128             s2 <= ff7fafb2
     311  1.5 0x0000012c             s3 <= 02b6d7fa
     312  1.5 0x00000130             t1 <= 00000001
     313  1.5 0x00000134               
     318  1.6 0x00000048             fp <= db61e360
     319  1.6 0x0000004c             s1 <= 0bcc11d4
     320  1.6 0x00000050             s2 <= a8aa92a6
     321  1.6 0x00000054             s3 <= 000ca9e1
     322  1.6 0x00000058             s4 <= 803c199d
     323  1.6 0x0000005c             s5 <= 67cda020
     324  1.5 0x00000060             fp <= e72df534
     328  1.6 0x00000064             s2 <= c17c9d72
     329  1.6 0x00000068             s3 <= e7215cd5
     330  1.6 0x0000006c             s4 <= 676a0ed1
     331  1.6 0x00000070             s5 <= 809faaec
     332  1.5 0x00000074             fp <= f2fa0708
     333  1.5 0x00000078             s2 <= 317d6996
     336  1.6 0x0000007c             s3 <= 15db5bdd
     337  1.5 0x00000080             s4 <= 5a6415d9
     338  1.5 0x00000084             s5 <= 725a5c1c
     339  1.5 0x00000088             fp <= 0000038f
     343  1.6 0x0000008c             s2 <= 317d6607
     344  1.6 0x00000090             s3 <= 15db5852
     345  1.5 0x00000094             s4 <= 5a641968
     346  1.5 0x00000098             s5 <= 725a588d
     347  1.5 0x0000009c             fp <= 0000038f
     351  1.6 0x000000a0             s2 <= ce829d88
     352  1.6 0x000000a4             s3 <= 15db5bdd
     353  1.5 0x000000a8             s4 <= 5a641cf7
     354  1.5 0x000000ac             s5 <= 8da5ab02
     355  1.5 0x000000b0             fp <= 0bcc1563
     356  1.5 0x000000b4             fp <= 3d4977db
     357  1.5 0x000000b8             s3 <= 28922c06
     360  1.5 0x000000bc             s6 <= 491589af
     361  1.5 0x000000c0             s6 <= 7a92ec27
     365  1.6 0x000000c4             s3 <= 5200c021
     366  1.5 0x000000c8             fp <= 491589af
     367  1.5 0x000000cc             fp <= 7a92ec27
     368  1.5 0x000000d0             fp <= d4f7091e
     369  1.5 0x000000d4             s3 <= 86f7c93f
     372  1.5 0x000000d8             fp <= e0c31af2
     373  1.5 0x000000dc             fp <= 12407d6a
     374  1.5 0x000000e0             fp <= 6ca49a61
     378  1.6 0x000000e4             s3 <= ea53535e
     379  1.6 0x000000e8             s4 <= 0000038f
     383  1.6 0x000000ec             s1 <= 0bcc1563
     384  1.6 0x000000f0             s2 <= ce8299f9
     385  1.6 0x000000f4             s3 <= ea5350d1
     386  1.6 0x000000f8             s4 <= 0000038f
     390  1.6 0x000000fc             s1 <= 0bcc18f2
     391  1.6 0x00000100             s2 <= 317d6996
     392  1.6 0x00000104             s3 <= ea53535e
     393  1.6 0x00000108             s5 <= 0000038f
     394  1.6 0x0000010c             t0 <= 00000000
     397  1.6 0x00000110             s1 <= 0bcc1c81
     398  1.6 0x00000114             s2 <= 317d6607
     399  1.6 0x00000118             s3 <= ea5350d1
     400  1.6 0x0000011c             s5 <= 0000038f
     401  1.5 0x00000120             t0 <= 00000000
     404  1.6 0x00000124             s1 <= 0bcc2010
     405  1.6 0x00000128             s2 <= ce829d88
     406  1.5 0x0000012c             s3 <= ea53535e
     407  1.5 0x00000130             t1 <= 00000002
     408  1.5 0x00000134               
     409  1.5 0x00000048             fp <= 9c3ad880
     410  1.5 0x0000004c             s1 <= 9020eff0
     411  1.5 0x00000050             s2 <= de85ab82
     412  1.5 0x00000054             s3 <= 000ca9e1
     413  1.5 0x00000058             s4 <= 30d65ec9
     414  1.5 0x0000005c             s5 <= 858cfb80
     415  1.5 0x00000060             fp <= 2c5bc870
     419  1.5 0x00000064             s2 <= b229e312
     420  1.5 0x00000068             s3 <= 2c576191
     421  1.5 0x0000006c             s4 <= 5d322739
     422  1.5 0x00000070             s5 <= 59313310
     423  1.5 0x00000074             fp <= bc7cb860
     424  1.5 0x00000078             s2 <= 0a52d54e
     427  1.5 0x0000007c             s3 <= 902bd9f1
     428  1.5 0x00000080             s4 <= 19aedf99
     429  1.5 0x00000084             s5 <= 634b8550
     430  1.5 0x00000088             fp <= 0000038f
     434  1.5 0x0000008c             s2 <= 0a52d1bf
     435  1.5 0x00000090             s3 <= 902bda7e
     436  1.5 0x00000094             s4 <= 19aee328
     437  1.5 0x00000098             s5 <= 634b81c1
     438  1.5 0x0000009c             fp <= 0000038f
     442  1.5 0x000000a0             s2 <= f5ad31d0
     443  1.5 0x000000a4             s3 <= 902bd9f1
     444  1.5 0x000000a8             s4 <= 19aee6b7
     445  1.5 0x000000ac             s5 <= 9cb481ce
     446  1.5 0x000000b0             fp <= 9020f37f
     447  1.5 0x000000b4             fp <= 9a73c1af
     448  1.5 0x000000b8             s3 <= 0a58185e
     451  1.5 0x000000bc             s6 <= 2a94b19f
     452  1.5 0x000000c0             s6 <= 34e77fcf
     456  1.5 0x000000c4             s3 <= 3ebf6791
     457  1.5 0x000000c8             fp <= 2a94b19f
     458  1.5 0x000000cc             fp <= 34e77fcf
     459  1.5 0x000000d0             fp <= 4e966686
     460  1.5 0x000000d4             s3 <= 70290117
     463  1.5 0x000000d8             fp <= deb75676
     464  1.5 0x000000dc             fp <= e90a24a6
     465  1.5 0x000000e0             fp <= 02b90b5d
     469  1.5 0x000000e4             s3 <= 72900a4a
     470  1.5 0x000000e8             s4 <= 0000038f
     474  1.5 0x000000ec             s1 <= 9020f37f
     475  1.5 0x000000f0             s2 <= f5ad2e41
     476  1.5 0x000000f4             s3 <= 729009c5
     477  1.5 0x000000f8             s4 <= 0000038f
     481  1.5 0x000000fc             s1 <= 9020f70e
     482  1.5 0x00000100             s2 <= 0a52d54e
     483  1.5 0x00000104             s3 <= 72900a4a
     484  1.5 0x00000108             s5 <= 0000038f
     485  1.5 0x0000010c             t0 <= 00000000
     488  1.5 0x00000110             s1 <= 9020fa9d
     489  1.5 0x00000114             s2 <= 0a52d1bf
     490  1.5 0x00000118             s3 <= 729009c5
     491  1.5 0x0000011c             s5 <= 0000038f
     492  1.5 0x00000120             t0 <= 00000000
     495  1.5 0x00000124             s1 <= 9020fe2c
     496  1.5 0x00000128             s2 <= f5ad31d0
     497  1.5 0x0000012c             s3 <= 72900a4a
     498  1.5 0x00000130             t1 <= 00000003
     499  1.5 0x00000134               
     500  1.5 0x00000048             fp <= 4b30efc0
     501  1.5 0x0000004c             s1 <= 6d028620
     502  1.5 0x00000050             s2 <= ae949d56
     503  1.5 0x00000054             s3 <= 000ca9e1
     504  1.5 0x00000058             s4 <= 43cfd1a1
     505  1.5 0x0000005c             s5 <= 69c21c40
     506  1.5 0x00000060             fp <= b83375e0
     510  1.5 0x00000064             s2 <= f6612776
     511  1.5 0x00000068             s3 <= b83fdc01
     512  1.5 0x0000006c             s4 <= fc034781
     513  1.5 0x00000070             s5 <= b18ea660
     514  1.5 0x00000074             fp <= 2535fc00
     515  1.5 0x00000078             s2 <= 2ed4d48a
     518  1.5 0x0000007c             s3 <= 9d0a2001
     519  1.5 0x00000080             s4 <= 21394381
     520  1.5 0x00000084             s5 <= 73a755a0
     521  1.5 0x00000088             fp <= 0000038f
     525  1.5 0x0000008c             s2 <= 2ed4d0fb
     526  1.5 0x00000090             s3 <= 9d0a238e
     527  1.5 0x00000094             s4 <= 21394710
     528  1.5 0x00000098             s5 <= 73a75211
     529  1.5 0x0000009c             fp <= 0000038f
     533  1.5 0x000000a0             s2 <= d12b3294
     534  1.5 0x000000a4             s3 <= 9d0a2001
     535  1.5 0x000000a8             s4 <= 21394a9f
     536  1.5 0x000000ac             s5 <= 8c58b17e
     537  1.5 0x000000b0             fp <= 6d0289af
     538  1.5 0x000000b4             fp <= 9bd7571b
     539  1.5 0x000000b8             s3 <= 06dd771a
     542  1.5 0x000000bc             s6 <= 08d9dd3b
     543  1.5 0x000000c0             s6 <= 37aeaaa7
     547  1.5 0x000000c4             s3 <= 3173ddbd
     548  1.5 0x000000c8             fp <= 08d9dd3b
     549  1.5 0x000000cc             fp <= 37aeaaa7
     550  1.5 0x000000d0             fp <= 58e7f546
     551  1.5 0x000000d4             s3 <= 699428fb
     554  1.5 0x000000d8             fp <= c5ea7b66
     555  1.5 0x000000dc             fp <= f4bf48d2
     556  1.5 0x000000e0             fp <= 15f89371
     560  1.5 0x000000e4             s3 <= 7c6cbb8a
     561  1.5 0x000000e8             s4 <= 0000038f
     565  1.5 0x000000ec             s1 <= 6d0289af
     566  1.5 0x000000f0             s2 <= d12b2f05
     567  1.5 0x000000f4             s3 <= 7c6cb805
     568  1.5 0x000000f8             s4 <= 0000038f
     572  1.5 0x000000fc             s1 <= 6d028d3e
     573  1.5 0x00000100             s2 <= 2ed4d48a
     574  1.5 0x00000104             s3 <= 7c6cbb8a
     575  1.5 0x00000108             s5 <= 0000038f
     576  1.5 0x0000010c             t0 <= 00000000
     579  1.5 0x00000110             s1 <= 6d0290cd
     580  1.5 0x00000114             s2 <= 2ed4d0fb
     581  1.5 0x00000118             s3 <= 7c6cb805
     582  1.5 0x0000011c             s5 <= 0000038f
     583  1.5 0x00000120             t0 <= 00000000
     586  1.5 0x00000124             s1 <= 6d02945c
     587  1.5 0x00000128             s2 <= d12b3294
     588  1.5 0x0000012c             s3 <= 7c6cbb8a
     589  1.5 0x00000130             t1 <= 00000004
     590  1.5 0x00000134               
     591  1.5 0x00000048             fp <= 8debbd30
     592  1.5 0x0000004c             s1 <= 55ab5fc8
     593  1.5 0x00000050             s2 <= c6ef6016
     594  1.5 0x00000054             s3 <= 000ca9e1
     595  1.5 0x00000058             s4 <= 26914849
     596  1.5 0x0000005c             s5 <= 070a4a50
     597  1.5 0x00000060             fp <= e3971cf8
     601  1.5 0x00000064             s2 <= e358431e
     602  1.5 0x00000068             s3 <= e39bb519
     603  1.5 0x0000006c             s4 <= 0a286541
     604  1.5 0x00000070             s5 <= 23732d58
     605  1.5 0x00000074             fp <= 39427cc0
     606  1.5 0x00000078             s2 <= 55ea39a2
     609  1.5 0x0000007c             s3 <= dad9c9d9
     610  1.5 0x00000080             s4 <= 436ae201
     611  1.5 0x00000084             s5 <= 15cf4f68
     612  1.5 0x00000088             fp <= 0000038f
     616  1.5 0x0000008c             s2 <= 55ea3613
     617  1.5 0x00000090             s3 <= dad9ca56
     618  1.5 0x00000094             s4 <= 436ae590
     619  1.5 0x00000098             s5 <= 15cf4bd9
     620  1.5 0x0000009c             fp <= 0000038f
     624  1.5 0x000000a0             s2 <= aa15cd7c
     625  1.5 0x000000a4             s3 <= dad9c9d9
     626  1.5 0x000000a8             s4 <= 436ae91f
     627  1.5 0x000000ac             s5 <= ea30b7b6
     628  1.5 0x000000b0             fp <= 55ab6357
     629  1.5 0x000000b4             fp <= ab9595db
     630  1.5 0x000000b8             s3 <= 714c5c02
     633  1.5 0x000000bc             s6 <= 0140f5a3
     634  1.5 0x000000c0             s6 <= 572b2827
     638  1.5 0x000000c4             s3 <= 26677425
     639  1.5 0x000000c8             fp <= 0140f5a3
     640  1.5 0x000000cc             fp <= 572b2827
     641  1.5 0x000000d0             fp <= 9a961146
     642  1.5 0x000000d4             s3 <= bcf16563
     645  1.5 0x000000d8             fp <= f041710e
     646  1.5 0x000000dc             fp <= 462ba392
     647  1.5 0x000000e0             fp <= 89968cb1
     651  1.5 0x000000e4             s3 <= 3567e9d2
     652  1.5 0x000000e8             s4 <= 0000038f
     656  1.5 0x000000ec             s1 <= 55ab6357
     657  1.5 0x000000f0             s2 <= aa15c9ed
     658  1.5 0x000000f4             s3 <= 3567ea5d
     659  1.5 0x000000f8             s4 <= 0000038f
     663  1.5 0x000000fc             s1 <= 55ab66e6
     664  1.5 0x00000100             s2 <= 55ea39a2
     665  1.5 0x00000104             s3 <= 3567e9d2
     666  1.5 0x00000108             s5 <= 0000038f
     667  1.5 0x0000010c             t0 <= 00000000
     670  1.5 0x00000110             s1 <= 55ab6a75
     671  1.5 0x00000114             s2 <= 55ea3613
     672  1.5 0x00000118             s3 <= 3567ea5d
     673  1.5 0x0000011c             s5 <= 0000038f
     674  1.5 0x00000120             t0 <= 00000000
     677  1.5 0x00000124             s1 <= 55ab6e04
     678  1.5 0x00000128             s2 <= aa15cd7c
     679  1.5 0x0000012c             s3 <= 3567e9d2
     680  1.5 0x00000130             t1 <= 00000005
     681  1.5 0x00000134               
     682  1.5 0x00000048             fp <= 74767df0
     683  1.5 0x0000004c             s1 <= b6cc6bb8
     684  1.5 0x00000050             s2 <= 0cc9124e
     685  1.5 0x00000054             s3 <= 000ca9e1
     686  1.5 0x00000058             s4 <= 3293e2c9
     687  1.5 0x0000005c             s5 <= f90aaf90
     688  1.5 0x00000060             fp <= 2b42e9a8
     692  1.5 0x00000064             s2 <= e18628a6
     693  1.5 0x00000068             s3 <= 2b4e4049
     694  1.5 0x0000006c             s4 <= 5dd6cc71
     695  1.5 0x00000070             s5 <= cdc7c5e8
     696  1.5 0x00000074             fp <= e20f5560
     697  1.5 0x00000078             s2 <= 00892cba
     700  1.5 0x0000007c             s3 <= c9411529
     701  1.5 0x00000080             s4 <= 3fe621d1
     702  1.5 0x00000084             s5 <= 14478f78
     703  1.5 0x00000088             fp <= 0000038f
     707  1.5 0x0000008c             s2 <= 0089292b
     708  1.5 0x00000090             s3 <= c94116a6
     709  1.5 0x00000094             s4 <= 3fe62560
     710  1.5 0x00000098             s5 <= 14478be9
     711  1.5 0x0000009c             fp <= 0000038f
     715  1.5 0x000000a0             s2 <= ff76da64
     716  1.5 0x000000a4             s3 <= c9411529
     717  1.5 0x000000a8             s4 <= 3fe628ef
     718  1.5 0x000000ac             s5 <= ebb877a6
     719  1.5 0x000000b0             fp <= b6cc6f47
     720  1.5 0x000000b4             fp <= b75594e3
     721  1.5 0x000000b8             s3 <= 7e1481ca
     724  1.5 0x000000bc             s6 <= 6e22009b
     725  1.5 0x000000c0             s6 <= 6eab2637
     729  1.5 0x000000c4             s3 <= 10bfa7fd
     730  1.5 0x000000c8             fp <= 6e22009b
     731  1.5 0x000000cc             fp <= 6eab2637
     732  1.5 0x000000d0             fp <= ae914f26
     733  1.5 0x000000d4             s3 <= be2ee8db
     736  1.5 0x000000d8             fp <= 655dbade
     737  1.5 0x000000dc             fp <= 65e6e07a
     738  1.5 0x000000e0             fp <= a5cd0969
     742  1.5 0x000000e4             s3 <= 1be3e1b2
     743  1.5 0x000000e8             s4 <= 0000038f
     747  1.5 0x000000ec             s1 <= b6cc6f47
     748  1.5 0x000000f0             s2 <= ff76d6d5
     749  1.5 0x000000f4             s3 <= 1be3e23d
     750  1.5 0x000000f8             s4 <= 0000038f
     754  1.5 0x000000fc             s1 <= b6cc72d6
     755  1.5 0x00000100             s2 <= 00892cba
     756  1.5 0x00000104             s3 <= 1be3e1b2
     757  1.5 0x00000108             s5 <= 0000038f
     758  1.5 0x0000010c             t0 <= 00000000
     761  1.5 0x00000110             s1 <= b6cc7665
     762  1.5 0x00000114             s2 <= 0089292b
     763  1.5 0x00000118             s3 <= 1be3e23d
     764  1.5 0x0000011c             s5 <= 0000038f
     765  1.5 0x00000120             t0 <= 00000000
     768  1.5 0x00000124             s1 <= b6cc79f4
     769  1.5 0x00000128             s2 <= ff76da64
     770  1.5 0x0000012c             s3 <= 1be3e1b2
     771  1.5 0x00000130             t1 <= 00000006
     772  1.5 0x00000134               
     773  1.5 0x00000048             fp <= ca316b50
     774  1.5 0x0000004c             s1 <= 4941bd88
     775  1.5 0x00000050             s2 <= 3ff0286e
     776  1.5 0x00000054             s3 <= 000ca9e1
     777  1.5 0x00000058             s4 <= d30cfdb9
     778  1.5 0x0000005c             s5 <= d4fbee30
     779  1.5 0x00000060             fp <= 137328d8
     783  1.5 0x00000064             s2 <= 2c7cff96
     784  1.5 0x00000068             s3 <= 137f8139
     785  1.5 0x0000006c             s4 <= e6802691
     786  1.5 0x00000070             s5 <= c188c558
     787  1.5 0x00000074             fp <= 5cb4e660
     788  1.5 0x00000078             s2 <= 3037e6ca
     791  1.5 0x0000007c             s3 <= 4fcb6759
     792  1.5 0x00000080             s4 <= 43350cf1
     793  1.5 0x00000084             s5 <= 9b2c2108
     794  1.5 0x00000088             fp <= 0000038f
     798  1.5 0x0000008c             s2 <= 3037e33b
     799  1.5 0x00000090             s3 <= 4fcb64d6
     800  1.5 0x00000094             s4 <= 43351080
     801  1.5 0x00000098             s5 <= 9b2c1d79
     802  1.5 0x0000009c             fp <= 0000038f
     806  1.5 0x000000a0             s2 <= cfc82054
     807  1.5 0x000000a4             s3 <= 4fcb6759
     808  1.5 0x000000a8             s4 <= 4335140f
     809  1.5 0x000000ac             s5 <= 64d3e616
     810  1.5 0x000000b0             fp <= 4941c117
     811  1.5 0x000000b4             fp <= 7979a0c3
     812  1.5 0x000000b8             s3 <= 36b2c79a
     815  1.5 0x000000bc             s6 <= c2bb5e4b
     816  1.5 0x000000c0             s6 <= f2f33df7
     820  1.5 0x000000c4             s3 <= c441fa6d
     821  1.5 0x000000c8             fp <= c2bb5e4b
     822  1.5 0x000000cc             fp <= f2f33df7
     823  1.5 0x000000d0             fp <= 36285206
     824  1.5 0x000000d4             s3 <= f269a86b
     827  1.5 0x000000d8             fp <= 7f6a0f8e
     828  1.5 0x000000dc             fp <= afa1ef3a
     829  1.5 0x000000e0             fp <= f2d70349
     833  1.5 0x000000e4             s3 <= 00beab22
     834  1.5 0x000000e8             s4 <= 0000038f
     838  1.5 0x000000ec             s1 <= 4941c117
     839  1.5 0x000000f0             s2 <= cfc81cc5
     840  1.5 0x000000f4             s3 <= 00bea8ad
     841  1.5 0x000000f8             s4 <= 0000038f
     845  1.5 0x000000fc             s1 <= 4941c4a6
     846  1.5 0x00000100             s2 <= 3037e6ca
     847  1.5 0x00000104             s3 <= 00beab22
     848  1.5 0x00000108             s5 <= 0000038f
     849  1.5 0x0000010c             t0 <= 00000000
     852  1.5 0x00000110             s1 <= 4941c835
     853  1.5 0x00000114             s2 <= 3037e33b
     854  1.5 0x00000118             s3 <= 00bea8ad
     855  1.5 0x0000011c             s5 <= 0000038f
     856  1.5 0x00000120             t0 <= 00000000
     859  1.5 0x00000124             s1 <= 4941cbc4
     860  1.5 0x00000128             s2 <= cfc82054
     861  1.5 0x0000012c             s3 <= 00beab22
     862  1.5 0x00000130             t1 <= 00000007
     863  1.5 0x00000134               
     864  1.5 0x00000048             fp <= f02f5c50
     865  1.5 0x0000004c             s1 <= 44846728
     866  1.5 0x00000050             s2 <= a682fdfe
     867  1.5 0x00000054             s3 <= 000ca9e1
     868  1.5 0x00000058             s4 <= 8f9981f9
     869  1.5 0x0000005c             s5 <= 46a12130
     870  1.5 0x00000060             fp <= 34b3c378
     874  1.5 0x00000064             s2 <= 71cf3a86
     875  1.5 0x00000068             s3 <= 34bf6a99
     876  1.5 0x0000006c             s4 <= c44d4571
     877  1.5 0x00000070             s5 <= 11ed5db8
     878  1.5 0x00000074             fp <= 79382aa0
     879  1.5 0x00000078             s2 <= 0768f01a
     882  1.5 0x0000007c             s3 <= 4d874039
     883  1.5 0x00000080             s4 <= 3d857011
     884  1.5 0x00000084             s5 <= 674acce8
     885  1.5 0x00000088             fp <= 0000038f
     889  1.5 0x0000008c             s2 <= 0768ec8b
     890  1.5 0x00000090             s3 <= 4d8743b6
     891  1.5 0x00000094             s4 <= 3d8573a0
     892  1.5 0x00000098             s5 <= 674ac959
     893  1.5 0x0000009c             fp <= 0000038f
     897  1.5 0x000000a0             s2 <= f8971704
     898  1.5 0x000000a4             s3 <= 4d874039
     899  1.5 0x000000a8             s4 <= 3d85772f
     900  1.5 0x000000ac             s5 <= 98b53a36
     901  1.5 0x000000b0             fp <= 44846ab7
     902  1.5 0x000000b4             fp <= 4bed53b3
     903  1.5 0x000000b8             s3 <= 066a138a
     906  1.5 0x000000bc             s6 <= 9071badb
     907  1.5 0x000000c0             s6 <= 97daa3d7
     911  1.5 0x000000c4             s3 <= 91b0b05d
     912  1.5 0x000000c8             fp <= 9071badb
     913  1.5 0x000000cc             fp <= 97daa3d7
     914  1.5 0x000000d0             fp <= d5601b06
     915  1.5 0x000000d4             s3 <= 44d0ab5b
     918  1.5 0x000000d8             fp <= 19e4822e
     919  1.5 0x000000dc             fp <= 214d6b2a
     920  1.5 0x000000e0             fp <= 5ed2e259
     924  1.5 0x000000e4             s3 <= 1a024902
     925  1.5 0x000000e8             s4 <= 0000038f
     929  1.5 0x000000ec             s1 <= 44846ab7
     930  1.5 0x000000f0             s2 <= f8971375
     931  1.5 0x000000f4             s3 <= 1a024a8d
     932  1.5 0x000000f8             s4 <= 0000038f
     936  1.5 0x000000fc             s1 <= 44846e46
     937  1.5 0x00000100             s2 <= 0768f01a
     938  1.5 0x00000104             s3 <= 1a024902
     939  1.5 0x00000108             s5 <= 0000038f
     940  1.5 0x0000010c             t0 <= 00000000
     943  1.5 0x00000110             s1 <= 448471d5
     944  1.5 0x00000114             s2 <= 0768ec8b
     945  1.5 0x00000118             s3 <= 1a024a8d
     946  1.5 0x0000011c             s5 <= 0000038f
     947  1.5 0x00000120             t0 <= 00000000
     950  1.5 0x00000124             s1 <= 44847564
     951  1.5 0x00000128             s2 <= f8971704
     952  1.5 0x0000012c             s3 <= 1a024902
     953  1.5 0x00000130             t1 <= 00000008
     954  1.5 0x00000134               
     955  1.5 0x00000048             fp <= 1699d190
     956  1.5 0x0000004c             s1 <= 9cc65208
     957  1.5 0x00000050             s2 <= 8e21ce1e
     958  1.5 0x00000054             s3 <= 000ca9e1
     959  1.5 0x00000058             s4 <= 630d0a19
     960  1.5 0x0000005c             s5 <= 503daff0
     961  1.5 0x00000060             fp <= b3602398
     965  1.5 0x00000064             s2 <= dac1aa86
     966  1.5 0x00000068             s3 <= b36c8a79
     967  1.5 0x0000006c             s4 <= 166d2db1
     968  1.5 0x00000070             s5 <= 9cdd8c58
     969  1.5 0x00000074             fp <= 502675a0
     970  1.5 0x00000078             s2 <= 7564cb1a
     973  1.5 0x0000007c             s3 <= e34affd9
     974  1.5 0x00000080             s4 <= 6693a351
     975  1.5 0x00000084             s5 <= b348e948
     976  1.5 0x00000088             fp <= 0000038f
     980  1.5 0x0000008c             s2 <= 7564c78b
     981  1.5 0x00000090             s3 <= e34afc56
     982  1.5 0x00000094             s4 <= 6693a6e0
     983  1.5 0x00000098             s5 <= b348e5b9
     984  1.5 0x0000009c             fp <= 0000038f
     988  1.5 0x000000a0             s2 <= 8a9b3c04
     989  1.5 0x000000a4             s3 <= e34affd9
     990  1.5 0x000000a8             s4 <= 6693aa6f
     991  1.5 0x000000ac             s5 <= 4cb71dd6
     992  1.5 0x000000b0             fp <= 9cc65597
     993  1.5 0x000000b4             fp <= 122b1993
     994  1.5 0x000000b8             s3 <= f161e64a
     997  1.5 0x000000bc             s6 <= aef16b9b
     998  1.5 0x000000c0             s6 <= 24562f97
    1002  1.5 0x000000c4             s3 <= d537c9dd
    1003  1.5 0x000000c8             fp <= aef16b9b
    1004  1.5 0x000000cc             fp <= 24562f97
    1005  1.5 0x000000d0             fp <= 8ae9da06
    1006  1.5 0x000000d4             s3 <= 5fde13db
    1009  1.5 0x000000d8             fp <= 27b02c0e
    1010  1.5 0x000000dc             fp <= 9d14f00a
    1011  1.5 0x000000e0             fp <= 03a89a79
    1015  1.5 0x000000e4             s3 <= 5c7689a2
    1016  1.5 0x000000e8             s4 <= 0000038f
    1020  1.5 0x000000ec             s1 <= 9cc65597
    1021  1.5 0x000000f0             s2 <= 8a9b3875
    1022  1.5 0x000000f4             s3 <= 5c768a2d
    1023  1.5 0x000000f8             s4 <= 0000038f
    1027  1.5 0x000000fc             s1 <= 9cc65926
    1028  1.5 0x00000100             s2 <= 7564cb1a
    1029  1.5 0x00000104             s3 <= 5c7689a2
    1030  1.5 0x00000108             s5 <= 0000038f
    1031  1.5 0x0000010c             t0 <= 00000000
    1034  1.5 0x00000110             s1 <= 9cc65cb5
    1035  1.5 0x00000114             s2 <= 7564c78b
    1036  1.5 0x00000118             s3 <= 5c768a2d
    1037  1.5 0x0000011c             s5 <= 0000038f
    1038  1.5 0x00000120             t0 <= 00000000
    1041  1.5 0x00000124             s1 <= 9cc66044
    1042  1.5 0x00000128             s2 <= 8a9b3c04
    1043  1.5 0x0000012c             s3 <= 5c7689a2
    1044  1.5 0x00000130             t1 <= 00000009
    1045  1.5 0x00000134               
    1046  1.5 0x00000048             fp <= e2d57110
    1047  1.5 0x0000004c             s1 <= e3321e88
    1048  1.5 0x00000050             s2 <= 09d3c77e
    1049  1.5 0x00000054             s3 <= 000ca9e1
    1050  1.5 0x00000058             s4 <= 4eb35a59
    1051  1.5 0x0000005c             s5 <= 3707a070
    1052  1.5 0x00000060             fp <= c6078f98
    1056  1.5 0x00000064             s2 <= 43cc37e6
    1057  1.5 0x00000068             s3 <= c60b2679
    1058  1.5 0x0000006c             s4 <= 14bae9f1
    1059  1.5 0x00000070             s5 <= 710010d8
    1060  1.5 0x00000074             fp <= a939ae20
    1061  1.5 0x00000078             s2 <= 656d763a
    1064  1.5 0x0000007c             s3 <= 6f328859
    1065  1.5 0x00000080             s4 <= bdf49811
    1066  1.5 0x00000084             s5 <= 38399d48
    1067  1.5 0x00000088             fp <= 0000038f
    1071  1.5 0x0000008c             s2 <= 656d72ab
    1072  1.5 0x00000090             s3 <= 6f328bd6
    1073  1.5 0x00000094             s4 <= bdf49ba0
    1074  1.5 0x00000098             s5 <= 383999b9
    1075  1.5 0x0000009c             fp <= 0000038f
    1079  1.5 0x000000a0             s2 <= 9a9290e4
    1080  1.5 0x000000a4             s3 <= 6f328859
    1081  1.5 0x000000a8             s4 <= bdf49f2f
    1082  1.5 0x000000ac             s5 <= c7c669d6
    1083  1.5 0x000000b0             fp <= e3322217
    1084  1.5 0x000000b4             fp <= 489f9133
    1085  1.5 0x000000b8             s3 <= 27ad196a
    1088  1.5 0x000000bc             s6 <= 2bd1afbb
    1089  1.5 0x000000c0             s6 <= 913f1ed7
    1093  1.5 0x000000c4             s3 <= b69207bd
    1094  1.5 0x000000c8             fp <= 2bd1afbb
    1095  1.5 0x000000cc             fp <= 913f1ed7
    1096  1.5 0x000000d0             fp <= 4f33be06
    1097  1.5 0x000000d4             s3 <= f9a1b9bb
    1100  1.5 0x000000d8             fp <= 3265dc8e
    1101  1.5 0x000000dc             fp <= 97d34baa
    1102  1.5 0x000000e0             fp <= 55c7ead9