Copyright 1986-2018 Xilinx, Inc. All Rights Reserved.
-------------------------------------------------------------------------------------------------------------------------------
| Tool Version     : Vivado v.2018.3 (lin64) Build 2405991 Thu Dec  6 23:36:41 MST 2018
| Date             : Tue Oct 29 14:33:23 2019
| Host             : uhrmann.inf.ed.ac.uk running 64-bit Scientific Linux release 7.6 (Nitrogen)
| Command          : report_power -file top_power_routed.rpt -pb top_power_summary_routed.pb -rpx top_power_routed.rpx
| Design           : top
| Device           : xc7z020clg400-1
| Design State     : routed
| Grade            : commercial
| Process          : typical
| Characterization : Production
-------------------------------------------------------------------------------------------------------------------------------

Power Report

Table of Contents
-----------------
1. Summary
1.1 On-Chip Components
1.2 Power Supply Summary
1.3 Confidence Level
2. Settings
2.1 Environment
2.2 Clock Constraints
3. Detailed Reports
3.1 By Hierarchy

1. Summary
----------

+--------------------------+--------------+
| Total On-Chip Power (W)  | 0.545        |
| Design Power Budget (W)  | Unspecified* |
| Power Budget Margin (W)  | NA           |
| Dynamic (W)              | 0.429        |
| Device Static (W)        | 0.116        |
| Effective TJA (C/W)      | 11.5         |
| Max Ambient (C)          | 78.7         |
| Junction Temperature (C) | 31.3         |
| Confidence Level         | Low          |
| Setting File             | ---          |
| Simulation Activity File | ---          |
| Design Nets Matched      | NA           |
+--------------------------+--------------+
* Specify Design Power Budget using, set_operating_conditions -design_power_budget <value in Watts>


1.1 On-Chip Components
----------------------

+----------------+-----------+----------+-----------+-----------------+
| On-Chip        | Power (W) | Used     | Available | Utilization (%) |
+----------------+-----------+----------+-----------+-----------------+
| Clocks         |     0.009 |       10 |       --- |             --- |
| Slice Logic    |     0.007 |     7179 |       --- |             --- |
|   LUT as Logic |     0.006 |     3136 |     53200 |            5.89 |
|   CARRY4       |    <0.001 |      158 |     13300 |            1.19 |
|   Register     |    <0.001 |     3042 |    106400 |            2.86 |
|   F7/F8 Muxes  |    <0.001 |      296 |     53200 |            0.56 |
|   Others       |     0.000 |       62 |       --- |             --- |
| Signals        |     0.009 |     6013 |       --- |             --- |
| Block RAM      |     0.042 |     51.5 |       140 |           36.79 |
| MMCM           |     0.225 |        2 |         4 |           50.00 |
| DSPs           |    <0.001 |        4 |       220 |            1.82 |
| I/O            |     0.137 |       27 |       125 |           21.60 |
| Static Power   |     0.116 |          |           |                 |
| Total          |     0.545 |          |           |                 |
+----------------+-----------+----------+-----------+-----------------+


1.2 Power Supply Summary
------------------------

+-----------+-------------+-----------+-------------+------------+
| Source    | Voltage (V) | Total (A) | Dynamic (A) | Static (A) |
+-----------+-------------+-----------+-------------+------------+
| Vccint    |       1.000 |     0.075 |       0.065 |      0.010 |
| Vccaux    |       1.800 |     0.136 |       0.125 |      0.011 |
| Vcco33    |       3.300 |     0.042 |       0.041 |      0.001 |
| Vcco25    |       2.500 |     0.000 |       0.000 |      0.000 |
| Vcco18    |       1.800 |     0.000 |       0.000 |      0.000 |
| Vcco15    |       1.500 |     0.000 |       0.000 |      0.000 |
| Vcco135   |       1.350 |     0.000 |       0.000 |      0.000 |
| Vcco12    |       1.200 |     0.000 |       0.000 |      0.000 |
| Vccaux_io |       1.800 |     0.000 |       0.000 |      0.000 |
| Vccbram   |       1.000 |     0.006 |       0.003 |      0.003 |
| MGTAVcc   |       1.000 |     0.000 |       0.000 |      0.000 |
| MGTAVtt   |       1.200 |     0.000 |       0.000 |      0.000 |
| MGTVccaux |       1.800 |     0.000 |       0.000 |      0.000 |
| Vccpint   |       1.000 |     0.019 |       0.000 |      0.019 |
| Vccpaux   |       1.800 |     0.010 |       0.000 |      0.010 |
| Vccpll    |       1.800 |     0.003 |       0.000 |      0.003 |
| Vcco_ddr  |       1.500 |     0.000 |       0.000 |      0.000 |
| Vcco_mio0 |       1.800 |     0.000 |       0.000 |      0.000 |
| Vcco_mio1 |       1.800 |     0.000 |       0.000 |      0.000 |
| Vccadc    |       1.800 |     0.020 |       0.000 |      0.020 |
+-----------+-------------+-----------+-------------+------------+


1.3 Confidence Level
--------------------

+-----------------------------+------------+--------------------------------------------------------+------------------------------------------------------------------------------------------------------------+
| User Input Data             | Confidence | Details                                                | Action                                                                                                     |
+-----------------------------+------------+--------------------------------------------------------+------------------------------------------------------------------------------------------------------------+
| Design implementation state | High       | Design is routed                                       |                                                                                                            |
| Clock nodes activity        | High       | User specified more than 95% of clocks                 |                                                                                                            |
| I/O nodes activity          | Low        | More than 75% of inputs are missing user specification | Provide missing input activity with simulation results or by editing the "By Resource Type -> I/Os" view   |
| Internal nodes activity     | Medium     | User specified less than 25% of internal nodes         | Provide missing internal nodes activity with simulation results or by editing the "By Resource Type" views |
| Device models               | High       | Device models are Production                           |                                                                                                            |
|                             |            |                                                        |                                                                                                            |
| Overall confidence level    | Low        |                                                        |                                                                                                            |
+-----------------------------+------------+--------------------------------------------------------+------------------------------------------------------------------------------------------------------------+


2. Settings
-----------

2.1 Environment
---------------

+-----------------------+------------------------+
| Ambient Temp (C)      | 25.0                   |
| ThetaJA (C/W)         | 11.5                   |
| Airflow (LFM)         | 250                    |
| Heat Sink             | none                   |
| ThetaSA (C/W)         | 0.0                    |
| Board Selection       | medium (10"x10")       |
| # of Board Layers     | 8to11 (8 to 11 Layers) |
| Board Temperature (C) | 25.0                   |
+-----------------------+------------------------+


2.2 Clock Constraints
---------------------

+--------------------------+---------------------------------------------------+-----------------+
| Clock                    | Domain                                            | Constraint (ns) |
+--------------------------+---------------------------------------------------+-----------------+
| clk_75MHz_cpu_clock_gen  | u_cpu_clock_gen/inst/clk_75MHz                    |            13.3 |
| clk_75MHz_cpu_clock_gen  | u_cpu_clock_gen/inst/clk_75MHz_cpu_clock_gen      |            13.3 |
| clk_in                   | clk_in                                            |             8.0 |
| clkfbout_cpu_clock_gen   | u_cpu_clock_gen/inst/clkfbout_cpu_clock_gen       |            40.0 |
| clkfbout_video_clock_gen | u_video_clock_gen/inst/clkfbout_video_clock_gen   |            40.0 |
| cpu_clk                  | u_cpu_clock_gen/inst/clk_60MHz_cpu_clock_gen      |            16.7 |
| pixel_clk                | u_video_clock_gen/inst/pixel_clk_video_clock_gen  |            25.0 |
| serial_clk               | u_video_clock_gen/inst/serial_clk_video_clock_gen |             5.0 |
+--------------------------+---------------------------------------------------+-----------------+


3. Detailed Reports
-------------------

3.1 By Hierarchy
----------------

+--------------------------+-----------+
| Name                     | Power (W) |
+--------------------------+-----------+
| top                      |     0.429 |
|   u_cpu                  |     0.024 |
|     u_exec_unit          |     0.014 |
|       u_alu              |     0.001 |
|       u_dccm_ram         |     0.001 |
|       u_divider          |     0.001 |
|       u_regfile          |     0.004 |
|     u_fetch_unit         |     0.009 |
|       u_branch_predictor |     0.007 |
|   u_cpu_clock_gen        |     0.120 |
|     inst                 |     0.120 |
|   u_dvi_display          |     0.175 |
|     u_frame_buffer       |     0.039 |
|     u_rgb2dvi            |     0.136 |
|       U0                 |     0.136 |
|   u_video_clock_gen      |     0.106 |
|     inst                 |     0.106 |
+--------------------------+-----------+


