#-----------------------------------------------------------
# Vivado v2018.3 (64-bit)
# SW Build 2405991 on Thu Dec  6 23:36:41 MST 2018
# IP Build 2404404 on Fri Dec  7 01:43:56 MST 2018
# Start of session at: Sat Oct 19 00:27:16 2019
# Process ID: 10620
# Current directory: /afs/inf.ed.ac.uk/user/s20/s2003300/Desktop/Coursework/CARD/prac2
# Command line: vivado
# Log file: /afs/inf.ed.ac.uk/user/s20/s2003300/Desktop/Coursework/CARD/prac2/vivado.log
# Journal file: /afs/inf.ed.ac.uk/user/s20/s2003300/Desktop/Coursework/CARD/prac2/vivado.jou
#-----------------------------------------------------------
start_gui
open_project /afs/inf.ed.ac.uk/user/s20/s2003300/Desktop/Coursework/CARD/prac2/proj/RV32IM_PYNQ_Z2.xpr
Scanning sources...
Finished scanning sources
INFO: [IP_Flow 19-234] Refreshing IP repositories
INFO: [IP_Flow 19-1700] Loaded user IP repository '/afs/inf.ed.ac.uk/user/s20/s2003300/Desktop/Coursework/CARD/prac2/repo'.
INFO: [IP_Flow 19-2313] Loaded Vivado IP repository '/disk/scratch/Xilinx/Vivado/2018.3/data/ip'.
WARNING: [IP_Flow 19-2162] IP 'rv32im_alu_0' is locked:
* IP definition 'rv32im_alu_v1_0 (1.0)' for IP 'rv32im_alu_0' (customized with software release 2018.3) has a different revision in the IP Catalog.
Please select 'Report IP Status' from the 'Tools/Report' menu or run Tcl command 'report_ip_status' for more information.
open_project: Time (s): cpu = 00:00:11 ; elapsed = 00:00:09 . Memory (MB): peak = 6513.246 ; gain = 135.234 ; free physical = 921 ; free virtual = 21342
update_compile_order -fileset sources_1
launch_runs impl_1 -to_step write_bitstream -jobs 4
INFO: [Vivado 12-4149] The synthesis checkpoint for IP '/afs/inf.ed.ac.uk/user/s20/s2003300/Desktop/Coursework/CARD/prac2/src/ip/rgb2dvi_0/rgb2dvi_0.xci' is already up-to-date
INFO: [Vivado 12-4149] The synthesis checkpoint for IP '/afs/inf.ed.ac.uk/user/s20/s2003300/Desktop/Coursework/CARD/prac2/src/ip/video_clock_gen/video_clock_gen.xci' is already up-to-date
INFO: [Vivado 12-4149] The synthesis checkpoint for IP '/afs/inf.ed.ac.uk/user/s20/s2003300/Desktop/Coursework/CARD/prac2/src/ip/cpu_clock_gen/cpu_clock_gen.xci' is already up-to-date
[Sat Oct 19 00:31:04 2019] Launched synth_1...
Run output will be captured here: /afs/inf.ed.ac.uk/user/s20/s2003300/Desktop/Coursework/CARD/prac2/proj/RV32IM_PYNQ_Z2.runs/synth_1/runme.log
[Sat Oct 19 00:31:04 2019] Launched impl_1...
Run output will be captured here: /afs/inf.ed.ac.uk/user/s20/s2003300/Desktop/Coursework/CARD/prac2/proj/RV32IM_PYNQ_Z2.runs/impl_1/runme.log
open_hw
connect_hw_server
INFO: [Labtools 27-2285] Connecting to hw_server url TCP:localhost:3121
INFO: [Labtools 27-2222] Launching hw_server...
INFO: [Labtools 27-2221] Launch Output:

****** Xilinx hw_server v2018.3
  **** Build date : Dec  6 2018-23:53:53
    ** Copyright 1986-2018 Xilinx, Inc. All Rights Reserved.


open_hw_target
INFO: [Labtoolstcl 44-466] Opening hw_target localhost:3121/xilinx_tcf/Xilinx/1234-tulA
current_hw_device [get_hw_devices xc7z020_1]
refresh_hw_device -update_hw_probes false [lindex [get_hw_devices xc7z020_1] 0]
INFO: [Labtools 27-1435] Device xc7z020 (JTAG device index = 1) is not programmed (DONE status = 0).
ERROR: [Labtoolstcl 44-513] HW Target shutdown. Closing target: localhost:3121/xilinx_tcf/Xilinx/1234-tulA
INFO: [Labtoolstcl 44-466] Opening hw_target localhost:3121/xilinx_tcf/Xilinx/1234-tulA
WARNING: [Labtoolstcl 44-129] No matching hw_ila_data was found.
INFO: [Labtools 27-1435] Device xc7z020 (JTAG device index = 1) is not programmed (DONE status = 0).
WARNING: [Labtoolstcl 44-129] No matching hw_ila_data was found.
set_property PROBES.FILE {} [get_hw_devices xc7z020_1]
set_property FULL_PROBES.FILE {} [get_hw_devices xc7z020_1]
set_property PROGRAM.FILE {/afs/inf.ed.ac.uk/user/s20/s2003300/Desktop/Coursework/CARD/prac2/proj/RV32IM_PYNQ_Z2.runs/impl_1/top.bit} [get_hw_devices xc7z020_1]
program_hw_devices [get_hw_devices xc7z020_1]
INFO: [Labtools 27-3164] End of startup status: HIGH
refresh_hw_device [lindex [get_hw_devices xc7z020_1] 0]
INFO: [Labtools 27-1434] Device xc7z020 (JTAG device index = 1) is programmed with a design that has no supported debug core(s) in it.
ERROR: [Labtoolstcl 44-513] HW Target shutdown. Closing target: localhost:3121/xilinx_tcf/Xilinx/1234-tulA
exit
INFO: [Common 17-206] Exiting Vivado at Sat Oct 19 00:40:03 2019...
